<?xml version="1.0" encoding="UTF-8"?>
<testsuite xmlns:xsi="http://www.w3.org/2001/XMLSchema-instance" xsi:noNamespaceSchemaLocation="https://maven.apache.org/surefire/maven-surefire-plugin/xsd/surefire-test-report-3.0.xsd" version="3.0" name="runners.TestRunner" time="167.823" tests="11" errors="0" skipped="0" failures="0">
  <properties>
[...]
</properties>
  <testcase name="Verify the options present in user dropdown" classname="Dashboard which displays after login" time="19.659">
    <system-out><![CDATA[
Scenario: Verify the options present in user dropdown # src/test/resources/features/Dashboard.feature:9
Browser launched for scenario: Verify the options present in user dropdown
  Given user is on the OrangeHRM login page           # stepDefinitions.LoginSteps.user_is_on_login_page()
  And user enters username and password               # stepDefinitions.LoginSteps.user_enters_credentials()
  When user clicks the login button                   # stepDefinitions.LoginSteps.user_clicks_login_button()
  Then user should see the OrangeHRM dashboard        # stepDefinitions.LoginSteps.user_should_see_dashboard()
Dropdown options are incorrect[About
Support
Change Password
Logout]
  Then verify the options present in user dropdown    # stepDefinitions.DashboardSteps.verifyTheOptionsPresentInUserDropdown()
Browser closed after scenario: Verify the options present in user dropdown
]]></system-out>
    <system-err><![CDATA[SLF4J(W): No SLF4J providers were found.
SLF4J(W): Defaulting to no-operation (NOP) logger implementation
SLF4J(W): See https://www.slf4j.org/codes.html#noProviders for further details.
Jul 24, 2025 9:07:25 AM org.openqa.selenium.devtools.CdpVersionFinder findNearestMatch
WARNING: Unable to find CDP implementation matching 138
Jul 24, 2025 9:07:25 AM org.openqa.selenium.chromium.ChromiumDriver lambda$new$5
WARNING: Unable to find version of CDP to use for 138.0.7204.168. You may need to include a dependency on a specific version of the CDP using something similar to `org.seleniumhq.selenium:selenium-devtools-v86:4.21.0` where the version ("v86") matches the version of the chromium-based browser you're using and the version number of the artifact is the same as Selenium's.
]]></system-err>
  </testcase>
  <testcase name="User logouts from application" classname="Dashboard which displays after login" time="14.184">
    <system-out><![CDATA[
Scenario: User logouts from application            # src/test/resources/features/Dashboard.feature:12
Browser launched for scenario: User logouts from application
  Given user is on the OrangeHRM login page        # stepDefinitions.LoginSteps.user_is_on_login_page()
  And user enters username and password            # stepDefinitions.LoginSteps.user_enters_credentials()
  When user clicks the login button                # stepDefinitions.LoginSteps.user_clicks_login_button()
  Then user should see the OrangeHRM dashboard     # stepDefinitions.LoginSteps.user_should_see_dashboard()
Dropdown options are incorrect[About
Support
Change Password
Logout]
  When verify the options present in user dropdown # stepDefinitions.DashboardSteps.verifyTheOptionsPresentInUserDropdown()
  Then user clicks on logout option                # stepDefinitions.DashboardSteps.userClicksOnLogoutOption()
  And user is on the OrangeHRM login page          # stepDefinitions.LoginSteps.user_is_on_login_page()
Browser closed after scenario: User logouts from application
]]></system-out>
    <system-err><![CDATA[Jul 24, 2025 9:07:38 AM org.openqa.selenium.devtools.CdpVersionFinder findNearestMatch
WARNING: Unable to find CDP implementation matching 138
Jul 24, 2025 9:07:38 AM org.openqa.selenium.chromium.ChromiumDriver lambda$new$5
WARNING: Unable to find version of CDP to use for 138.0.7204.168. You may need to include a dependency on a specific version of the CDP using something similar to `org.seleniumhq.selenium:selenium-devtools-v86:4.21.0` where the version ("v86") matches the version of the chromium-based browser you're using and the version number of the artifact is the same as Selenium's.
]]></system-err>
  </testcase>
  <testcase name="Verify the images present in dashboard page" classname="Dashboard which displays after login" time="27.924">
    <system-out><![CDATA[
Scenario: Verify the images present in dashboard page # src/test/resources/features/Dashboard.feature:17
Browser launched for scenario: Verify the images present in dashboard page
  Given user is on the OrangeHRM login page           # stepDefinitions.LoginSteps.user_is_on_login_page()
  And user enters username and password               # stepDefinitions.LoginSteps.user_enters_credentials()
  When user clicks the login button                   # stepDefinitions.LoginSteps.user_clicks_login_button()
  Then user should see the OrangeHRM dashboard        # stepDefinitions.LoginSteps.user_should_see_dashboard()
Total images: 11
https://opensource-demo.orangehrmlive.com/web/index.php/admin/theme/image/clientLogo?v=1721393199309 is a valid image. Response code: 200
https://opensource-demo.orangehrmlive.com/web/images/orangehrm-logo.png?v=1721393199309 is a valid image. Response code: 200
https://opensource-demo.orangehrmlive.com/web/index.php/pim/viewPhoto/empNumber/7 is a valid image. Response code: 200
https://opensource-demo.orangehrmlive.com/web/index.php/pim/viewPhoto/empNumber/7 is a valid image. Response code: 200
https://opensource-demo.orangehrmlive.com/web/index.php/pim/viewPhoto/empNumber/7 is a valid image. Response code: 200
https://opensource-demo.orangehrmlive.com/web/index.php/pim/viewPhoto/empNumber/22 is a valid image. Response code: 200
https://opensource-demo.orangehrmlive.com/web/index.php/pim/viewPhoto/empNumber/11 is a valid image. Response code: 200
https://opensource-demo.orangehrmlive.com/web/index.php/buzz/photo/9 is a valid image. Response code: 200
https://opensource-demo.orangehrmlive.com/web/index.php/pim/viewPhoto/empNumber/9 is a valid image. Response code: 200
https://opensource-demo.orangehrmlive.com/web/index.php/pim/viewPhoto/empNumber/97 is a valid image. Response code: 200
https://opensource-demo.orangehrmlive.com/web/index.php/pim/viewPhoto/empNumber/101 is a valid image. Response code: 200
  Then i verify all images present in dashboard page  # stepDefinitions.DashboardSteps.iVerifyAllImagesPresentInDashboardPage()
Browser closed after scenario: Verify the images present in dashboard page
]]></system-out>
    <system-err><![CDATA[Jul 24, 2025 9:07:52 AM org.openqa.selenium.devtools.CdpVersionFinder findNearestMatch
WARNING: Unable to find CDP implementation matching 138
Jul 24, 2025 9:07:52 AM org.openqa.selenium.chromium.ChromiumDriver lambda$new$5
WARNING: Unable to find version of CDP to use for 138.0.7204.168. You may need to include a dependency on a specific version of the CDP using something similar to `org.seleniumhq.selenium:selenium-devtools-v86:4.21.0` where the version ("v86") matches the version of the chromium-based browser you're using and the version number of the artifact is the same as Selenium's.
]]></system-err>
  </testcase>
  <testcase name="Verify the links present in dashboard page" classname="Dashboard which displays after login" time="31.414">
    <system-out><![CDATA[
Scenario: Verify the links present in dashboard page # src/test/resources/features/Dashboard.feature:20
Browser launched for scenario: Verify the links present in dashboard page
  Given user is on the OrangeHRM login page          # stepDefinitions.LoginSteps.user_is_on_login_page()
  And user enters username and password              # stepDefinitions.LoginSteps.user_enters_credentials()
  When user clicks the login button                  # stepDefinitions.LoginSteps.user_clicks_login_button()
  Then user should see the OrangeHRM dashboard       # stepDefinitions.LoginSteps.user_should_see_dashboard()
https://www.orangehrm.com/ is a valid link with response code: 200
https://opensource-demo.orangehrmlive.com/web/index.php/admin/viewAdminModule is a valid link with response code: 200
https://opensource-demo.orangehrmlive.com/web/index.php/pim/viewPimModule is a valid link with response code: 200
https://opensource-demo.orangehrmlive.com/web/index.php/leave/viewLeaveModule is a valid link with response code: 200
https://opensource-demo.orangehrmlive.com/web/index.php/time/viewTimeModule is a valid link with response code: 200
https://opensource-demo.orangehrmlive.com/web/index.php/recruitment/viewRecruitmentModule is a valid link with response code: 200
https://opensource-demo.orangehrmlive.com/web/index.php/pim/viewMyDetails is a valid link with response code: 200
https://opensource-demo.orangehrmlive.com/web/index.php/performance/viewPerformanceModule is a valid link with response code: 200
https://opensource-demo.orangehrmlive.com/web/index.php/dashboard/index is a valid link with response code: 200
https://opensource-demo.orangehrmlive.com/web/index.php/directory/viewDirectory is a valid link with response code: 200
https://opensource-demo.orangehrmlive.com/web/index.php/maintenance/viewMaintenanceModule is a valid link with response code: 200
https://opensource-demo.orangehrmlive.com/web/index.php/claim/viewClaimModule is a valid link with response code: 200
https://opensource-demo.orangehrmlive.com/web/index.php/buzz/viewBuzz is a valid link with response code: 200
https://orangehrm.com/open-source/upgrade-to-advanced is a valid link with response code: 200
http://www.orangehrm.com/ is a valid link with response code: 301
  Then i verify all links present in dashboard page  # stepDefinitions.DashboardSteps.iVerifyAllLinksPresentInDashboardPage()
Browser closed after scenario: Verify the links present in dashboard page
]]></system-out>
    <system-err><![CDATA[Jul 24, 2025 9:08:20 AM org.openqa.selenium.devtools.CdpVersionFinder findNearestMatch
WARNING: Unable to find CDP implementation matching 138
Jul 24, 2025 9:08:20 AM org.openqa.selenium.chromium.ChromiumDriver lambda$new$5
WARNING: Unable to find version of CDP to use for 138.0.7204.168. You may need to include a dependency on a specific version of the CDP using something similar to `org.seleniumhq.selenium:selenium-devtools-v86:4.21.0` where the version ("v86") matches the version of the chromium-based browser you're using and the version number of the artifact is the same as Selenium's.
]]></system-err>
  </testcase>
  <testcase name="Successful login with valid credentials" classname="OrangeHRM Login" time="12.742">
    <system-out><![CDATA[
Scenario: Successful login with valid credentials # src/test/resources/features/Login.feature:3
Browser launched for scenario: Successful login with valid credentials
  Given user is on the OrangeHRM login page       # stepDefinitions.LoginSteps.user_is_on_login_page()
  When user enters username and password          # stepDefinitions.LoginSteps.user_enters_credentials()
  And user clicks the login button                # stepDefinitions.LoginSteps.user_clicks_login_button()
  Then user should see the OrangeHRM dashboard    # stepDefinitions.LoginSteps.user_should_see_dashboard()
Browser closed after scenario: Successful login with valid credentials
]]></system-out>
    <system-err><![CDATA[Jul 24, 2025 9:08:52 AM org.openqa.selenium.devtools.CdpVersionFinder findNearestMatch
WARNING: Unable to find CDP implementation matching 138
Jul 24, 2025 9:08:52 AM org.openqa.selenium.chromium.ChromiumDriver lambda$new$5
WARNING: Unable to find version of CDP to use for 138.0.7204.168. You may need to include a dependency on a specific version of the CDP using something similar to `org.seleniumhq.selenium:selenium-devtools-v86:4.21.0` where the version ("v86") matches the version of the chromium-based browser you're using and the version number of the artifact is the same as Selenium's.
]]></system-err>
  </testcase>
  <testcase name="Verify login page components" classname="OrangeHRM Login" time="7.572">
    <system-out><![CDATA[
Scenario: Verify login page components             # src/test/resources/features/Login.feature:9
Browser launched for scenario: Verify login page components
  Given user is on the OrangeHRM login page        # stepDefinitions.LoginSteps.user_is_on_login_page()
  Then verify all components present in login page # stepDefinitions.LoginSteps.verifyAllComponentsPresentInLoginPage()
Browser closed after scenario: Verify login page components
]]></system-out>
    <system-err><![CDATA[Jul 24, 2025 9:09:04 AM org.openqa.selenium.devtools.CdpVersionFinder findNearestMatch
WARNING: Unable to find CDP implementation matching 138
Jul 24, 2025 9:09:04 AM org.openqa.selenium.chromium.ChromiumDriver lambda$new$5
WARNING: Unable to find version of CDP to use for 138.0.7204.168. You may need to include a dependency on a specific version of the CDP using something similar to `org.seleniumhq.selenium:selenium-devtools-v86:4.21.0` where the version ("v86") matches the version of the chromium-based browser you're using and the version number of the artifact is the same as Selenium's.
]]></system-err>
  </testcase>
  <testcase name="Login with invalid credentials" classname="OrangeHRM Login" time="9.118">
    <system-out><![CDATA[
Scenario Outline: Login with invalid credentials    # src/test/resources/features/Login.feature:21
Browser launched for scenario: Login with invalid credentials
  Given user is on the OrangeHRM login page         # stepDefinitions.LoginSteps.user_is_on_login_page()
  When user enters invalid "not admin" and "272562" # stepDefinitions.LoginSteps.userEntersInvalidUsernameAndPassword(java.lang.String,java.lang.String)
  And user clicks the login button                  # stepDefinitions.LoginSteps.user_clicks_login_button()
  Then verify the error message displayed           # stepDefinitions.LoginSteps.verifyTheErrorMessageDisplayed()
Browser closed after scenario: Login with invalid credentials
]]></system-out>
    <system-err><![CDATA[Jul 24, 2025 9:09:11 AM org.openqa.selenium.devtools.CdpVersionFinder findNearestMatch
WARNING: Unable to find CDP implementation matching 138
Jul 24, 2025 9:09:11 AM org.openqa.selenium.chromium.ChromiumDriver lambda$new$5
WARNING: Unable to find version of CDP to use for 138.0.7204.168. You may need to include a dependency on a specific version of the CDP using something similar to `org.seleniumhq.selenium:selenium-devtools-v86:4.21.0` where the version ("v86") matches the version of the chromium-based browser you're using and the version number of the artifact is the same as Selenium's.
]]></system-err>
  </testcase>
  <testcase name="Verify the functionality when user clicks on forget password link" classname="OrangeHRM Login" time="8.608">
    <system-out><![CDATA[
Scenario: Verify the functionality when user clicks on forget password link # src/test/resources/features/Login.feature:24
Browser launched for scenario: Verify the functionality when user clicks on forget password link
  Given user is on the OrangeHRM login page                                 # stepDefinitions.LoginSteps.user_is_on_login_page()
  When user clicks on Forget your password button                           # stepDefinitions.LoginSteps.userClicksOnForgetYourPasswordButton()
  Then user redirects to reset password page                                # stepDefinitions.LoginSteps.userRedirectsToResetPasswordPage()
Browser closed after scenario: Verify the functionality when user clicks on forget password link
]]></system-out>
    <system-err><![CDATA[Jul 24, 2025 9:09:21 AM org.openqa.selenium.devtools.CdpVersionFinder findNearestMatch
WARNING: Unable to find CDP implementation matching 138
Jul 24, 2025 9:09:21 AM org.openqa.selenium.chromium.ChromiumDriver lambda$new$5
WARNING: Unable to find version of CDP to use for 138.0.7204.168. You may need to include a dependency on a specific version of the CDP using something similar to `org.seleniumhq.selenium:selenium-devtools-v86:4.21.0` where the version ("v86") matches the version of the chromium-based browser you're using and the version number of the artifact is the same as Selenium's.
]]></system-err>
  </testcase>
  <testcase name="Verify the components present in reset password page" classname="OrangeHRM Login" time="11.072">
    <system-out><![CDATA[
Scenario: Verify the components present in reset password page     # src/test/resources/features/Login.feature:30
Browser launched for scenario: Verify the components present in reset password page
  Given user is on the OrangeHRM login page                        # stepDefinitions.LoginSteps.user_is_on_login_page()
  When user clicks on Forget your password button                  # stepDefinitions.LoginSteps.userClicksOnForgetYourPasswordButton()
  And user redirects to reset password page                        # stepDefinitions.LoginSteps.userRedirectsToResetPasswordPage()
Reset Password
Please enter your username to identify your account to reset your password
  Then user verifies the components present in reset password page # stepDefinitions.LoginSteps.userVerifiesTheComponentsPresentInResetPasswordPage()
Browser closed after scenario: Verify the components present in reset password page
]]></system-out>
    <system-err><![CDATA[Jul 24, 2025 9:09:29 AM org.openqa.selenium.devtools.CdpVersionFinder findNearestMatch
WARNING: Unable to find CDP implementation matching 138
Jul 24, 2025 9:09:29 AM org.openqa.selenium.chromium.ChromiumDriver lambda$new$5
WARNING: Unable to find version of CDP to use for 138.0.7204.168. You may need to include a dependency on a specific version of the CDP using something similar to `org.seleniumhq.selenium:selenium-devtools-v86:4.21.0` where the version ("v86") matches the version of the chromium-based browser you're using and the version number of the artifact is the same as Selenium's.
]]></system-err>
  </testcase>
  <testcase name="Verify the broken links present in Login page" classname="OrangeHRM Login" time="12.17">
    <system-out><![CDATA[
Scenario: Verify the broken links present in Login page # src/test/resources/features/Login.feature:37
Browser launched for scenario: Verify the broken links present in Login page
  Given user is on the OrangeHRM login page             # stepDefinitions.LoginSteps.user_is_on_login_page()
https://www.linkedin.com/company/orangehrm/mycompany/ is a valid link with response code: 200
https://www.facebook.com/OrangeHRM/ is a valid link with response code: 200
https://twitter.com/orangehrm?lang=en is a broken link with response code: 403
https://www.youtube.com/c/OrangeHRMInc is a valid link with response code: 200
http://www.orangehrm.com/ is a valid link with response code: 301
  Then i verify all links present in login page         # stepDefinitions.LoginSteps.iVerifyAllLinksPresentInLoginPage()
Browser closed after scenario: Verify the broken links present in Login page
]]></system-out>
    <system-err><![CDATA[Jul 24, 2025 9:09:40 AM org.openqa.selenium.devtools.CdpVersionFinder findNearestMatch
WARNING: Unable to find CDP implementation matching 138
Jul 24, 2025 9:09:40 AM org.openqa.selenium.chromium.ChromiumDriver lambda$new$5
WARNING: Unable to find version of CDP to use for 138.0.7204.168. You may need to include a dependency on a specific version of the CDP using something similar to `org.seleniumhq.selenium:selenium-devtools-v86:4.21.0` where the version ("v86") matches the version of the chromium-based browser you're using and the version number of the artifact is the same as Selenium's.
]]></system-err>
  </testcase>
  <testcase name="Verify the broken images present in Login page" classname="OrangeHRM Login" time="10.606">
    <system-out><![CDATA[
Scenario: Verify the broken images present in Login page # src/test/resources/features/Login.feature:42
Browser launched for scenario: Verify the broken images present in Login page
  Given user is on the OrangeHRM login page              # stepDefinitions.LoginSteps.user_is_on_login_page()
Total images: 3
https://opensource-demo.orangehrmlive.com/web/images/ohrm_branding.png?v=1721393199309 is a valid image. Response code: 200
https://opensource-demo.orangehrmlive.com/web/images/ohrm_logo.png is a valid image. Response code: 200
https://opensource-demo.orangehrmlive.com/web/images/ohrm_logo.png is a valid image. Response code: 200
  Then i verify all images present in login page         # stepDefinitions.LoginSteps.iVerifyAllImagesPresentInLoginPage()
Browser closed after scenario: Verify the broken images present in Login page
]]></system-out>
    <system-err><![CDATA[Jul 24, 2025 9:09:52 AM org.openqa.selenium.devtools.CdpVersionFinder findNearestMatch
WARNING: Unable to find CDP implementation matching 138
Jul 24, 2025 9:09:52 AM org.openqa.selenium.chromium.ChromiumDriver lambda$new$5
WARNING: Unable to find version of CDP to use for 138.0.7204.168. You may need to include a dependency on a specific version of the CDP using something similar to `org.seleniumhq.selenium:selenium-devtools-v86:4.21.0` where the version ("v86") matches the version of the chromium-based browser you're using and the version number of the artifact is the same as Selenium's.
]]></system-err>
  </testcase>
</testsuite>